[debug] [2021-11-02T17:29:35.871Z] ----------------------------------------------------------------------
[debug] [2021-11-02T17:29:35.873Z] Command:       C:\Program Files\nodejs\node.exe C:\Users\Dong\AppData\Roaming\npm\node_modules\firebase-tools\lib\bin\firebase.js emulators:start --only functions
[debug] [2021-11-02T17:29:35.874Z] CLI Version:   9.21.0
[debug] [2021-11-02T17:29:35.874Z] Platform:      win32
[debug] [2021-11-02T17:29:35.874Z] Node Version:  v14.18.0
[debug] [2021-11-02T17:29:35.875Z] Time:          Wed Nov 03 2021 02:29:35 GMT+0900 (대한민국 표준시)
[debug] [2021-11-02T17:29:35.875Z] ----------------------------------------------------------------------
[debug] 
[debug] [2021-11-02T17:29:35.925Z] > command requires scopes: ["email","openid","https://www.googleapis.com/auth/cloudplatformprojects.readonly","https://www.googleapis.com/auth/firebase","https://www.googleapis.com/auth/cloud-platform"]
[debug] [2021-11-02T17:29:35.926Z] > authorizing via signed-in user (dog1448@gmail.com)
[info] i  emulators: Starting emulators: functions {"metadata":{"emulator":{"name":"hub"},"message":"Starting emulators: functions"}}
[debug] [2021-11-02T17:29:35.944Z] [hub] writing locator at C:\Users\Dong\AppData\Local\Temp\hub-dong-vf2.json
[warn] !  functions: The following emulators are not running, calls to these services from the Functions emulator will affect production: auth, firestore, database, hosting, pubsub, storage {"metadata":{"emulator":{"name":"functions"},"message":"The following emulators are not running, calls to these services from the Functions emulator will affect production: \u001b[1mauth, firestore, database, hosting, pubsub, storage\u001b[22m"}}
[info] +  functions: Using node@14 from host. {"metadata":{"emulator":{"name":"functions"},"message":"Using node@14 from host."}}
[debug] [2021-11-02T17:29:35.971Z] defaultcredentials: writing to file C:\Users\Dong\AppData\Roaming\firebase\dog1448_gmail_com_application_default_credentials.json
[debug] [2021-11-02T17:29:35.973Z] Setting GAC to C:\Users\Dong\AppData\Roaming\firebase\dog1448_gmail_com_application_default_credentials.json {"metadata":{"emulator":{"name":"functions"},"message":"Setting GAC to C:\\Users\\Dong\\AppData\\Roaming\\firebase\\dog1448_gmail_com_application_default_credentials.json"}}
[debug] [2021-11-02T17:29:35.976Z] > refreshing access token with scopes: []
[debug] [2021-11-02T17:29:35.977Z] >>> HTTP REQUEST POST https://www.googleapis.com/oauth2/v3/token  
 <request body omitted>
[debug] [2021-11-02T17:29:36.178Z] <<< HTTP RESPONSE 200 {"date":"Tue, 02 Nov 2021 17:29:36 GMT","expires":"Mon, 01 Jan 1990 00:00:00 GMT","cache-control":"no-cache, no-store, max-age=0, must-revalidate","pragma":"no-cache","content-type":"application/json; charset=utf-8","vary":"X-Origin, Referer, Origin,Accept-Encoding","server":"scaffolding on HTTPServer2","x-xss-protection":"0","x-frame-options":"SAMEORIGIN","x-content-type-options":"nosniff","alt-svc":"h3=\":443\"; ma=2592000,h3-29=\":443\"; ma=2592000,h3-Q050=\":443\"; ma=2592000,h3-Q046=\":443\"; ma=2592000,h3-Q043=\":443\"; ma=2592000,quic=\":443\"; ma=2592000; v=\"46,43\"","accept-ranges":"none","transfer-encoding":"chunked"}
[debug] [2021-11-02T17:29:36.189Z] >>> [apiv2][query] GET https://firebase.googleapis.com/v1beta1/projects/dong-vf2/adminSdkConfig [none]
[debug] [2021-11-02T17:29:36.915Z] <<< [apiv2][status] GET https://firebase.googleapis.com/v1beta1/projects/dong-vf2/adminSdkConfig 200
[debug] [2021-11-02T17:29:36.916Z] <<< [apiv2][body] GET https://firebase.googleapis.com/v1beta1/projects/dong-vf2/adminSdkConfig {"projectId":"dong-vf2","databaseURL":"https://dong-vf2-default-rtdb.asia-southeast1.firebasedatabase.app","storageBucket":"dong-vf2.appspot.com","locationId":"asia-northeast3"}
[warn] !  emulators: The Emulator UI requires a project ID to start. Configure your default project with 'firebase use' or pass the --project flag. {"metadata":{"emulator":{"name":"hub"},"message":"The Emulator UI requires a project ID to start. Configure your default project with 'firebase use' or pass the --project flag."}}
[info] i  functions: Watching "E:\Vue\WebProject\vf2\functions" for Cloud Functions... {"metadata":{"emulator":{"name":"functions"},"message":"Watching \"E:\\Vue\\WebProject\\vf2\\functions\" for Cloud Functions..."}}
[debug] [2021-11-02T17:29:36.947Z] [worker-pool] addWorker(~diagnostic~) {"metadata":{"emulator":{"name":"functions"},"message":"[worker-pool] addWorker(~diagnostic~)"}}
[debug] [2021-11-02T17:29:36.947Z] [worker-pool] Adding worker with key ~diagnostic~, total=1 {"metadata":{"emulator":{"name":"functions"},"message":"[worker-pool] Adding worker with key ~diagnostic~, total=1"}}
[debug] [2021-11-02T17:29:36.947Z] [worker-pool] submitWork(triggerId=) {"metadata":{"emulator":{"name":"functions"},"message":"[worker-pool] submitWork(triggerId=)"}}
[debug] [2021-11-02T17:29:36.948Z] [worker-~diagnostic~-44130f66-8be7-4e9b-9da3-33482e974856]: Assigning socketPath: \\?\pipe\E:\Vue\WebProject\vf2\functions\23508 {"metadata":{"emulator":{"name":"functions"},"message":"[worker-~diagnostic~-44130f66-8be7-4e9b-9da3-33482e974856]: Assigning socketPath: \\\\?\\pipe\\E:\\Vue\\WebProject\\vf2\\functions\\23508"}}
[debug] [2021-11-02T17:29:36.948Z] [worker-~diagnostic~-44130f66-8be7-4e9b-9da3-33482e974856]: BUSY {"metadata":{"emulator":{"name":"functions"},"message":"[worker-~diagnostic~-44130f66-8be7-4e9b-9da3-33482e974856]: BUSY"}}
[debug] [2021-11-02T17:29:37.177Z] [runtime-status] [23508] Functions runtime initialized. {"cwd":"E:\\Vue\\WebProject\\vf2\\functions","node_version":"14.18.0"} {"metadata":{"emulator":{"name":"functions"},"message":"[runtime-status] [23508] Functions runtime initialized. {\"cwd\":\"E:\\\\Vue\\\\WebProject\\\\vf2\\\\functions\",\"node_version\":\"14.18.0\"}"}}
[debug] [2021-11-02T17:29:37.178Z] [runtime-status] [23508] Disabled runtime features: undefined {"metadata":{"emulator":{"name":"functions"},"message":"[runtime-status] [23508] Disabled runtime features: undefined"}}
[debug] [2021-11-02T17:29:37.181Z] [runtime-status] [23508] Resolved module firebase-admin {"declared":true,"installed":true,"version":"9.12.0","resolution":"E:\\Vue\\WebProject\\vf2\\functions\\node_modules\\firebase-admin\\lib\\index.js"} {"metadata":{"emulator":{"name":"functions"},"message":"[runtime-status] [23508] Resolved module firebase-admin {\"declared\":true,\"installed\":true,\"version\":\"9.12.0\",\"resolution\":\"E:\\\\Vue\\\\WebProject\\\\vf2\\\\functions\\\\node_modules\\\\firebase-admin\\\\lib\\\\index.js\"}"}}
[debug] [2021-11-02T17:29:37.184Z] [runtime-status] [23508] Resolved module firebase-functions {"declared":true,"installed":true,"version":"3.16.0","resolution":"E:\\Vue\\WebProject\\vf2\\functions\\node_modules\\firebase-functions\\lib\\index.js"} {"metadata":{"emulator":{"name":"functions"},"message":"[runtime-status] [23508] Resolved module firebase-functions {\"declared\":true,\"installed\":true,\"version\":\"3.16.0\",\"resolution\":\"E:\\\\Vue\\\\WebProject\\\\vf2\\\\functions\\\\node_modules\\\\firebase-functions\\\\lib\\\\index.js\"}"}}
[debug] [2021-11-02T17:29:37.185Z] [runtime-status] [23508] Outgoing network have been stubbed. [{"name":"http","status":"mocked"},{"name":"http","status":"mocked"},{"name":"https","status":"mocked"},{"name":"https","status":"mocked"},{"name":"net","status":"mocked"}] {"metadata":{"emulator":{"name":"functions"},"message":"[runtime-status] [23508] Outgoing network have been stubbed. [{\"name\":\"http\",\"status\":\"mocked\"},{\"name\":\"http\",\"status\":\"mocked\"},{\"name\":\"https\",\"status\":\"mocked\"},{\"name\":\"https\",\"status\":\"mocked\"},{\"name\":\"net\",\"status\":\"mocked\"}]"}}
[debug] [2021-11-02T17:29:37.186Z] [runtime-status] [23508] Resolved module firebase-functions {"declared":true,"installed":true,"version":"3.16.0","resolution":"E:\\Vue\\WebProject\\vf2\\functions\\node_modules\\firebase-functions\\lib\\index.js"} {"metadata":{"emulator":{"name":"functions"},"message":"[runtime-status] [23508] Resolved module firebase-functions {\"declared\":true,\"installed\":true,\"version\":\"3.16.0\",\"resolution\":\"E:\\\\Vue\\\\WebProject\\\\vf2\\\\functions\\\\node_modules\\\\firebase-functions\\\\lib\\\\index.js\"}"}}
[debug] [2021-11-02T17:29:37.242Z] [runtime-status] [23508] Checked functions.config() {"config":{}} {"metadata":{"emulator":{"name":"functions"},"message":"[runtime-status] [23508] Checked functions.config() {\"config\":{}}"}}
[debug] [2021-11-02T17:29:37.242Z] [runtime-status] [23508] firebase-functions has been stubbed. {"functionsResolution":{"declared":true,"installed":true,"version":"3.16.0","resolution":"E:\\Vue\\WebProject\\vf2\\functions\\node_modules\\firebase-functions\\lib\\index.js"}} {"metadata":{"emulator":{"name":"functions"},"message":"[runtime-status] [23508] firebase-functions has been stubbed. {\"functionsResolution\":{\"declared\":true,\"installed\":true,\"version\":\"3.16.0\",\"resolution\":\"E:\\\\Vue\\\\WebProject\\\\vf2\\\\functions\\\\node_modules\\\\firebase-functions\\\\lib\\\\index.js\"}}"}}
[debug] [2021-11-02T17:29:37.243Z] [runtime-status] [23508] Resolved module firebase-functions {"declared":true,"installed":true,"version":"3.16.0","resolution":"E:\\Vue\\WebProject\\vf2\\functions\\node_modules\\firebase-functions\\lib\\index.js"} {"metadata":{"emulator":{"name":"functions"},"message":"[runtime-status] [23508] Resolved module firebase-functions {\"declared\":true,\"installed\":true,\"version\":\"3.16.0\",\"resolution\":\"E:\\\\Vue\\\\WebProject\\\\vf2\\\\functions\\\\node_modules\\\\firebase-functions\\\\lib\\\\index.js\"}"}}
[debug] [2021-11-02T17:29:37.244Z] [runtime-status] [23508] Resolved module firebase-admin {"declared":true,"installed":true,"version":"9.12.0","resolution":"E:\\Vue\\WebProject\\vf2\\functions\\node_modules\\firebase-admin\\lib\\index.js"} {"metadata":{"emulator":{"name":"functions"},"message":"[runtime-status] [23508] Resolved module firebase-admin {\"declared\":true,\"installed\":true,\"version\":\"9.12.0\",\"resolution\":\"E:\\\\Vue\\\\WebProject\\\\vf2\\\\functions\\\\node_modules\\\\firebase-admin\\\\lib\\\\index.js\"}"}}
[debug] [2021-11-02T17:29:37.245Z] [runtime-status] [23508] Resolved module firebase-functions {"declared":true,"installed":true,"version":"3.16.0","resolution":"E:\\Vue\\WebProject\\vf2\\functions\\node_modules\\firebase-functions\\lib\\index.js"} {"metadata":{"emulator":{"name":"functions"},"message":"[runtime-status] [23508] Resolved module firebase-functions {\"declared\":true,\"installed\":true,\"version\":\"3.16.0\",\"resolution\":\"E:\\\\Vue\\\\WebProject\\\\vf2\\\\functions\\\\node_modules\\\\firebase-functions\\\\lib\\\\index.js\"}"}}
[debug] [2021-11-02T17:29:37.245Z] [runtime-status] [23508] firebase-admin has been stubbed. {"adminResolution":{"declared":true,"installed":true,"version":"9.12.0","resolution":"E:\\Vue\\WebProject\\vf2\\functions\\node_modules\\firebase-admin\\lib\\index.js"}} {"metadata":{"emulator":{"name":"functions"},"message":"[runtime-status] [23508] firebase-admin has been stubbed. {\"adminResolution\":{\"declared\":true,\"installed\":true,\"version\":\"9.12.0\",\"resolution\":\"E:\\\\Vue\\\\WebProject\\\\vf2\\\\functions\\\\node_modules\\\\firebase-admin\\\\lib\\\\index.js\"}}"}}
[info] 
┌─────────────────────────────────────────────────────────────┐
│ ✔  All emulators ready! It is now safe to connect your app. │
└─────────────────────────────────────────────────────────────┘

┌───────────┬────────────────┐
│ Emulator  │ Host:Port      │
├───────────┼────────────────┤
│ Functions │ localhost:5002 │
└───────────┴────────────────┘
  Emulator Hub running at localhost:4400
  Other reserved ports: None

Issues? Report them at https://github.com/firebase/firebase-tools/issues and attach the *-debug.log files.
 
[debug] [2021-11-02T17:29:37.252Z] [worker-~diagnostic~-44130f66-8be7-4e9b-9da3-33482e974856]: IDLE {"metadata":{"emulator":{"name":"functions"},"message":"[worker-~diagnostic~-44130f66-8be7-4e9b-9da3-33482e974856]: IDLE"}}
